[INFO  - 2020-01-03T02:50:30.863Z] GhostDriver - Main - running on port 63203
[INFO  - 2020-01-03T02:50:35.280Z] Session [d0cdf790-2dd3-11ea-9b18-e34aa2366b27] - page.settings - {"XSSAuditingEnabled":false,"javascriptCanCloseWindows":true,"javascriptCanOpenWindows":true,"javascriptEnabled":true,"loadImages":true,"localToRemoteUrlAccessEnabled":false,"userAgent":"Mozilla/5.0 (Windows NT 6.2; WOW64) AppleWebKit/538.1 (KHTML, like Gecko) PhantomJS/2.1.1 Safari/538.1","webSecurityEnabled":true}
[INFO  - 2020-01-03T02:50:35.280Z] Session [d0cdf790-2dd3-11ea-9b18-e34aa2366b27] - page.customHeaders:  - {}
[INFO  - 2020-01-03T02:50:35.280Z] Session [d0cdf790-2dd3-11ea-9b18-e34aa2366b27] - Session.negotiatedCapabilities - {"browserName":"phantomjs","version":"2.1.1","driverName":"ghostdriver","driverVersion":"1.2.0","platform":"windows-10-32bit","javascriptEnabled":true,"takesScreenshot":true,"handlesAlerts":false,"databaseEnabled":false,"locationContextEnabled":false,"applicationCacheEnabled":false,"browserConnectionEnabled":false,"cssSelectorsEnabled":true,"webStorageEnabled":false,"rotatable":false,"acceptSslCerts":false,"nativeEvents":true,"proxy":{"proxyType":"direct"}}
[INFO  - 2020-01-03T02:50:35.281Z] SessionManagerReqHand - _postNewSessionCommand - New Session Created: d0cdf790-2dd3-11ea-9b18-e34aa2366b27
[ERROR - 2020-01-03T02:50:36.281Z] Session [d0cdf790-2dd3-11ea-9b18-e34aa2366b27] - page.onError - msg: TypeError: null is not an object (evaluating 'da_ua.match(/Version\/([0-9\.]+)/i)[1]')

  phantomjs://platform/console++.js:263 in error
[ERROR - 2020-01-03T02:50:36.281Z] Session [d0cdf790-2dd3-11ea-9b18-e34aa2366b27] - page.onError - stack:
  searchBrowserVersion (https://ssl.pstatic.net/tveta/libs/assets/js/pc/main/min/pc.veta.core.min.js?20170222:1)
  init (https://ssl.pstatic.net/tveta/libs/assets/js/pc/main/min/pc.veta.core.min.js?20170222:1)

  phantomjs://platform/console++.js:263 in error
[ERROR - 2020-01-03T02:50:36.303Z] Session [d0cdf790-2dd3-11ea-9b18-e34aa2366b27] - page.onError - msg: TypeError: null is not an object (evaluating 'da_ua.match(/Version\/([0-9\.]+)/i)[1]')

  phantomjs://platform/console++.js:263 in error
[ERROR - 2020-01-03T02:50:36.303Z] Session [d0cdf790-2dd3-11ea-9b18-e34aa2366b27] - page.onError - stack:
  searchBrowserVersion (https://ssl.pstatic.net/tveta/libs/assets/js/pc/main/min/pc.veta.core.min.js?20180328:1)
  init (https://ssl.pstatic.net/tveta/libs/assets/js/pc/main/min/pc.veta.core.min.js?20180328:1)

  phantomjs://platform/console++.js:263 in error
[ERROR - 2020-01-03T02:50:36.332Z] Session [d0cdf790-2dd3-11ea-9b18-e34aa2366b27] - page.onError - msg: TypeError: null is not an object (evaluating 'da_ua.match(/Version\/([0-9\.]+)/i)[1]')

  phantomjs://platform/console++.js:263 in error
[ERROR - 2020-01-03T02:50:36.332Z] Session [d0cdf790-2dd3-11ea-9b18-e34aa2366b27] - page.onError - stack:
  searchBrowserVersion (https://ssl.pstatic.net/tveta/libs/assets/js/pc/main/min/pc.veta.core.min.js?20180423:1)
  init (https://ssl.pstatic.net/tveta/libs/assets/js/pc/main/min/pc.veta.core.min.js?20180423:1)

  phantomjs://platform/console++.js:263 in error
[ERROR - 2020-01-03T02:50:36.338Z] Session [d0cdf790-2dd3-11ea-9b18-e34aa2366b27] - page.onError - msg: TypeError: undefined is not a constructor (evaluating 'new Nimp')

  phantomjs://platform/console++.js:263 in error
[ERROR - 2020-01-03T02:50:36.338Z] Session [d0cdf790-2dd3-11ea-9b18-e34aa2366b27] - page.onError - stack:
  lazyLoading (https://nv.veta.naver.com/fxshow?su=SU10079&nrefreshx=0:36)
  onload (https://nv.veta.naver.com/fxshow?su=SU10079&nrefreshx=0:20)

  phantomjs://platform/console++.js:263 in error
[ERROR - 2020-01-03T02:50:36.357Z] Session [d0cdf790-2dd3-11ea-9b18-e34aa2366b27] - page.onError - msg: TypeError: undefined is not a constructor (evaluating 'new Nimp')

  phantomjs://platform/console++.js:263 in error
[ERROR - 2020-01-03T02:50:36.357Z] Session [d0cdf790-2dd3-11ea-9b18-e34aa2366b27] - page.onError - stack:
  initAd (https://nv.veta.naver.com/fxshow?su=SU10078&nrefreshx=0:76)
  lazyLoading (https://nv.veta.naver.com/fxshow?su=SU10078&nrefreshx=0:71)
  onload (https://nv.veta.naver.com/fxshow?su=SU10078&nrefreshx=0:61)

  phantomjs://platform/console++.js:263 in error
[ERROR - 2020-01-03T02:50:36.730Z] Session [d0cdf790-2dd3-11ea-9b18-e34aa2366b27] - page.onError - msg: TypeError: null is not an object (evaluating 'da_ua.match(/Version\/([0-9\.]+)/i)[1]')

  phantomjs://platform/console++.js:263 in error
[ERROR - 2020-01-03T02:50:36.730Z] Session [d0cdf790-2dd3-11ea-9b18-e34aa2366b27] - page.onError - stack:
  searchBrowserVersion (https://ssl.pstatic.net/tveta/libs/assets/js/pc/main/min/pc.veta.core.min.js?20180330:1)
  init (https://ssl.pstatic.net/tveta/libs/assets/js/pc/main/min/pc.veta.core.min.js?20180330:1)

  phantomjs://platform/console++.js:263 in error
[ERROR - 2020-01-03T02:50:36.810Z] Session [d0cdf790-2dd3-11ea-9b18-e34aa2366b27] - page.onError - msg: TypeError: undefined is not a constructor (evaluating 'new NBP_CORP.Nimp()')

  phantomjs://platform/console++.js:263 in error
[ERROR - 2020-01-03T02:50:36.810Z] Session [d0cdf790-2dd3-11ea-9b18-e34aa2366b27] - page.onError - stack:
  (anonymous function) (undefined:15)

  phantomjs://platform/console++.js:263 in error
